<?xml version="1.0" encoding="UTF-8"?>
<!-- Generated by org.testng.reporters.JUnitXMLReporter -->
<testsuite ignored="0" hostname="DESKTOP-R5LO1SB" failures="0" tests="6" name="AddEmployeeTest" time="181.754" errors="0" timestamp="2024-02-14T19:36:02 IST">
  <testcase classname="com.utility_OrangeHRM.LoginValidationsWithTestNG" name="loginPageTextValidation" time="9.375"/>
  <testcase classname="com.utility_OrangeHRM.LoginValidationsWithTestNG" name="loginWithData" time="86.235"/>
  <testcase classname="com.utility_OrangeHRM.AddEmployeeDetails" name="addEmployeePageDirections" time="3.505"/>
  <testcase classname="com.utility_OrangeHRM.AddEmployeeDetails" name="addEmployeeDetails_Multiple_Data" time="27.945"/>
  <testcase classname="com.utility_OrangeHRM.AddEmployeeDetails" name="verification_loginPage_AfterLogout" time="6.842"/>
  <testcase classname="com.utility_OrangeHRM.LoginValidationsWithTestNG" name="excel_save" time="0.093"/>
</testsuite> <!-- AddEmployeeTest -->
