<?xml version="1.0" encoding="UTF-8"?>
<!-- Generated by org.testng.reporters.JUnitXMLReporter -->
<testsuite ignored="0" hostname="DESKTOP-R5LO1SB" failures="0" tests="3" name="LoginTest" time="99.518" errors="0" timestamp="2024-02-14T19:34:40 IST">
  <testcase classname="com.utility_OrangeHRM.LoginValidationsWithTestNG" name="loginPageTextValidation" time="9.375"/>
  <testcase classname="com.utility_OrangeHRM.LoginValidationsWithTestNG" name="loginWithData" time="35.896"/>
  <testcase classname="com.utility_OrangeHRM.LoginValidationsWithTestNG" name="excel_save" time="5.192"/>
</testsuite> <!-- LoginTest -->
